#
# There is insufficient memory for the Java Runtime Environment to continue.
# Native memory allocation (mmap) failed to map 134217728 bytes for G1 virtual space
# Possible reasons:
#   The system is out of physical RAM or swap space
#   The process is running with CompressedOops enabled, and the Java Heap may be blocking the growth of the native heap
# Possible solutions:
#   Reduce memory load on the system
#   Increase physical memory or swap space
#   Check if swap backing store is full
#   Decrease Java heap size (-Xmx/-Xms)
#   Decrease number of Java threads
#   Decrease Java thread stack sizes (-Xss)
#   Set larger code cache with -XX:ReservedCodeCacheSize=
#   JVM is running with Unscaled Compressed Oops mode in which the Java heap is
#     placed in the first 4GB address space. The Java Heap base address is the
#     maximum limit for the native heap growth. Please use -XX:HeapBaseMinAddress
#     to set the Java Heap base and to place the Java Heap above 4GB virtual address.
# This output file may be truncated or incomplete.
#
#  Out of Memory Error (./open/src/hotspot/os/windows/os_windows.cpp:3472), pid=12516, tid=12528
#
# JRE version:  (15.0.1+9) (build )
# Java VM: OpenJDK 64-Bit Server VM (15.0.1+9-18, mixed mode, sharing, tiered, compressed oops, g1 gc, windows-amd64)
# No core dump will be written. Minidumps are not enabled by default on client versions of Windows
#

---------------  S U M M A R Y ------------

Command Line: -Dfile.encoding=UTF-8 -XX:+ShowCodeDetailsInExceptionMessages delete

Host: Intel(R) Core(TM) i5-2500 CPU @ 3.30GHz, 4 cores, 7G,  Windows 10 , 64 bit Build 19041 (10.0.19041.2364)
Time: Mon Dec 19 12:35:28 2022 대한민국 표준시 elapsed time: 0.032327 seconds (0d 0h 0m 0s)

---------------  T H R E A D  ---------------

Current thread (0x000001e402342100):  JavaThread "Unknown thread" [_thread_in_vm, id=12528, stack(0x000000787cf00000,0x000000787d000000)]

Stack: [0x000000787cf00000,0x000000787d000000]
Native frames: (J=compiled Java code, j=interpreted, Vv=VM code, C=native code)
V  [jvm.dll+0x62ae9a]
V  [jvm.dll+0x781389]
V  [jvm.dll+0x782ae3]
V  [jvm.dll+0x783143]
V  [jvm.dll+0x216265]
V  [jvm.dll+0x6281d9]
V  [jvm.dll+0x61cd15]
V  [jvm.dll+0x2d01fd]
V  [jvm.dll+0x2d0062]
V  [jvm.dll+0x2d603c]
V  [jvm.dll+0x325b2a]
V  [jvm.dll+0x3251f4]
V  [jvm.dll+0x2a717a]
V  [jvm.dll+0x2a8318]
V  [jvm.dll+0x75e101]
V  [jvm.dll+0x3343e4]
V  [jvm.dll+0x73e826]
V  [jvm.dll+0x3b7777]
V  [jvm.dll+0x3b9201]
C  [jli.dll+0x52fb]
C  [ucrtbase.dll+0x21bb2]
C  [KERNEL32.DLL+0x17614]
C  [ntdll.dll+0x526a1]


---------------  P R O C E S S  ---------------

Threads class SMR info:
_java_thread_list=0x00007ffd65494ff0, length=0, elements={
}

Java Threads: ( => current thread )

Other Threads:
  0x000001e4023811e0 GCTaskThread "GC Thread#0" [stack: 0x000000787d000000,0x000000787d100000] [id=13280]
  0x000001e402393180 ConcurrentGCThread "G1 Main Marker" [stack: 0x000000787d100000,0x000000787d200000] [id=4816]
  0x000001e4023942d0 ConcurrentGCThread "G1 Conc#0" [stack: 0x000000787d200000,0x000000787d300000] [id=14096]

[error occurred during error reporting (printing all threads), id 0xc0000005, EXCEPTION_ACCESS_VIOLATION (0xc0000005) at pc=0x00007ffd64c88047]

VM state: not at safepoint (not fully initialized)

VM Mutex/Monitor currently owned by a thread:  ([mutex/lock_event])
[0x000001e40233de80] Heap_lock - owner thread: 0x000001e402342100

Heap address: 0x0000000080400000, size: 2044 MB, Compressed Oops mode: 32-bit
CDS archive(s) mapped at: [0x0000000000000000-0x0000000000000000-0x0000000000000000), size 0, SharedBaseAddress: 0x0000000800000000, ArchiveRelocationMode: 0.
Narrow klass base: 0x0000000000000000, Narrow klass shift: 0, Narrow klass range: 0x0

Heap:
 garbage-first heap   total 131072K, used 0K [0x0000000080400000, 0x0000000100000000)
  region size 1024K, 0 young (0K), 0 survivors (0K)
 Metaspace       used 0K, capacity 0K, committed 0K, reserved 0K
  class space    used 0K, capacity 0K, committed 0K, reserved 0K

Heap Regions: E=young(eden), S=young(survivor), O=old, HS=humongous(starts), HC=humongous(continues), CS=collection set, F=free, OA=open archive, CA=closed archive, TAMS=top-at-mark-start (previous, next)

Card table byte_map: [0x000001e415160000,0x000001e415560000] _byte_map_base: 0x000001e414d5e000

Marking Bits (Prev, Next): (CMBitMap*) 0x000001e4023827a0, (CMBitMap*) 0x000001e4023827e0
 Prev Bits: [0x000001e415960000, 0x000001e417950000)
 Next Bits: [0x000001e417950000, 0x000001e419940000)

GC Heap History (0 events):
No events

Deoptimization events (0 events):
No events

Classes unloaded (0 events):
No events

Classes redefined (0 events):
No events

Internal exceptions (0 events):
No events

Events (1 events):
Event: 0.024 Loaded shared library C:\Users\Manic-063\Desktop\Fullstack Day 1\eclipse_2020\plugins\org.eclipse.justj.openjdk.hotspot.jre.full.win32.x86_64_15.0.1.v20201027-0507\jre\bin\java.dll


Dynamic libraries:
0x00007ff64a940000 - 0x00007ff64a94d000 	C:\Users\Manic-063\Desktop\Fullstack Day 1\eclipse_2020\plugins\org.eclipse.justj.openjdk.hotspot.jre.full.win32.x86_64_15.0.1.v20201027-0507\jre\bin\javaw.exe
0x00007ffdba690000 - 0x00007ffdba888000 	C:\Windows\SYSTEM32\ntdll.dll
0x00007ffdb9240000 - 0x00007ffdb92ff000 	C:\Windows\System32\KERNEL32.DLL
0x00007ffdb82a0000 - 0x00007ffdb8572000 	C:\Windows\System32\KERNELBASE.dll
0x00007ffdb7db0000 - 0x00007ffdb7eb0000 	C:\Windows\System32\ucrtbase.dll
0x00007ffda8620000 - 0x00007ffda8639000 	C:\Users\Manic-063\Desktop\Fullstack Day 1\eclipse_2020\plugins\org.eclipse.justj.openjdk.hotspot.jre.full.win32.x86_64_15.0.1.v20201027-0507\jre\bin\VCRUNTIME140.dll
0x00007ffda8640000 - 0x00007ffda8658000 	C:\Users\Manic-063\Desktop\Fullstack Day 1\eclipse_2020\plugins\org.eclipse.justj.openjdk.hotspot.jre.full.win32.x86_64_15.0.1.v20201027-0507\jre\bin\jli.dll
0x00007ffdb9940000 - 0x00007ffdb9ae1000 	C:\Windows\System32\USER32.dll
0x00007ffdb80f0000 - 0x00007ffdb8112000 	C:\Windows\System32\win32u.dll
0x00007ffdba490000 - 0x00007ffdba4bb000 	C:\Windows\System32\GDI32.dll
0x00007ffdb8190000 - 0x00007ffdb829f000 	C:\Windows\System32\gdi32full.dll
0x00007ffdb8630000 - 0x00007ffdb86cd000 	C:\Windows\System32\msvcp_win.dll
0x00007ffdb1c80000 - 0x00007ffdb1f1a000 	C:\Windows\WinSxS\amd64_microsoft.windows.common-controls_6595b64144ccf1df_6.0.19041.1110_none_60b5254171f9507e\COMCTL32.dll
0x00007ffdb9770000 - 0x00007ffdb980e000 	C:\Windows\System32\msvcrt.dll
0x00007ffdb8cd0000 - 0x00007ffdb8d02000 	C:\Windows\System32\IMM32.DLL
0x00007ffdb3ba0000 - 0x00007ffdb3bac000 	C:\Users\Manic-063\Desktop\Fullstack Day 1\eclipse_2020\plugins\org.eclipse.justj.openjdk.hotspot.jre.full.win32.x86_64_15.0.1.v20201027-0507\jre\bin\vcruntime140_1.dll
0x00007ffda49f0000 - 0x00007ffda4a81000 	C:\Users\Manic-063\Desktop\Fullstack Day 1\eclipse_2020\plugins\org.eclipse.justj.openjdk.hotspot.jre.full.win32.x86_64_15.0.1.v20201027-0507\jre\bin\msvcp140.dll
0x00007ffd649d0000 - 0x00007ffd6552e000 	C:\Users\Manic-063\Desktop\Fullstack Day 1\eclipse_2020\plugins\org.eclipse.justj.openjdk.hotspot.jre.full.win32.x86_64_15.0.1.v20201027-0507\jre\bin\server\jvm.dll
0x00007ffdb9060000 - 0x00007ffdb910e000 	C:\Windows\System32\ADVAPI32.dll
0x00007ffdb8dc0000 - 0x00007ffdb8e5c000 	C:\Windows\System32\sechost.dll
0x00007ffdb9810000 - 0x00007ffdb9935000 	C:\Windows\System32\RPCRT4.dll
0x00007ffdb8fd0000 - 0x00007ffdb8fd8000 	C:\Windows\System32\PSAPI.DLL
0x00007ffdb1fe0000 - 0x00007ffdb2007000 	C:\Windows\SYSTEM32\WINMM.dll
0x00007ffdb2010000 - 0x00007ffdb201a000 	C:\Windows\SYSTEM32\VERSION.dll
0x00007ffda7310000 - 0x00007ffda7319000 	C:\Windows\SYSTEM32\WSOCK32.dll
0x00007ffdba520000 - 0x00007ffdba58b000 	C:\Windows\System32\WS2_32.dll
0x00007ffdb5c60000 - 0x00007ffdb5c72000 	C:\Windows\SYSTEM32\kernel.appcore.dll
0x00007ffda6070000 - 0x00007ffda607a000 	C:\Users\Manic-063\Desktop\Fullstack Day 1\eclipse_2020\plugins\org.eclipse.justj.openjdk.hotspot.jre.full.win32.x86_64_15.0.1.v20201027-0507\jre\bin\jimage.dll
0x00007ffda66a0000 - 0x00007ffda6884000 	C:\Windows\SYSTEM32\DBGHELP.DLL
0x00007ffda68a0000 - 0x00007ffda68d5000 	C:\Windows\SYSTEM32\dbgcore.DLL
0x00007ffdb8060000 - 0x00007ffdb80e2000 	C:\Windows\System32\bcryptPrimitives.dll
0x00007ffd68bc0000 - 0x00007ffd68be5000 	C:\Users\Manic-063\Desktop\Fullstack Day 1\eclipse_2020\plugins\org.eclipse.justj.openjdk.hotspot.jre.full.win32.x86_64_15.0.1.v20201027-0507\jre\bin\java.dll

dbghelp: loaded successfully - version: 4.0.5 - missing functions: none
symbol engine: initialized successfully - sym options: 0x614 - pdb path: .;C:\Users\Manic-063\Desktop\Fullstack Day 1\eclipse_2020\plugins\org.eclipse.justj.openjdk.hotspot.jre.full.win32.x86_64_15.0.1.v20201027-0507\jre\bin;C:\Windows\SYSTEM32;C:\Windows\WinSxS\amd64_microsoft.windows.common-controls_6595b64144ccf1df_6.0.19041.1110_none_60b5254171f9507e;C:\Users\Manic-063\Desktop\Fullstack Day 1\eclipse_2020\plugins\org.eclipse.justj.openjdk.hotspot.jre.full.win32.x86_64_15.0.1.v20201027-0507\jre\bin\server

VM Arguments:
jvm_args: -Dfile.encoding=UTF-8 -XX:+ShowCodeDetailsInExceptionMessages 
java_command: delete
java_class_path (initial): C:\Users\Manic-063\Desktop\Fullstack Day 1\Full_Stack_works\myjava\bin
Launcher Type: SUN_STANDARD

[Global flags]
     intx CICompilerCount                          = 3                                         {product} {ergonomic}
     uint ConcGCThreads                            = 1                                         {product} {ergonomic}
     uint G1ConcRefinementThreads                  = 4                                         {product} {ergonomic}
   size_t G1HeapRegionSize                         = 1048576                                   {product} {ergonomic}
    uintx GCDrainStackTargetSize                   = 64                                        {product} {ergonomic}
   size_t InitialHeapSize                          = 134217728                                 {product} {ergonomic}
   size_t MarkStackSize                            = 4194304                                   {product} {ergonomic}
   size_t MaxHeapSize                              = 2143289344                                {product} {ergonomic}
   size_t MinHeapDeltaBytes                        = 1048576                                   {product} {ergonomic}
   size_t MinHeapSize                              = 8388608                                   {product} {ergonomic}
    uintx NonNMethodCodeHeapSize                   = 5832780                                {pd product} {ergonomic}
    uintx NonProfiledCodeHeapSize                  = 122912730                              {pd product} {ergonomic}
    uintx ProfiledCodeHeapSize                     = 122912730                              {pd product} {ergonomic}
    uintx ReservedCodeCacheSize                    = 251658240                              {pd product} {ergonomic}
     bool SegmentedCodeCache                       = true                                      {product} {ergonomic}
     bool ShowCodeDetailsInExceptionMessages       = true                                   {manageable} {command line}
   size_t SoftMaxHeapSize                          = 2143289344                             {manageable} {ergonomic}
     bool UseCompressedClassPointers               = true                                 {lp64_product} {ergonomic}
     bool UseCompressedOops                        = true                                 {lp64_product} {ergonomic}
     bool UseG1GC                                  = true                                      {product} {ergonomic}
     bool UseLargePagesIndividualAllocation        = false                                  {pd product} {ergonomic}

Logging:
Log output configuration:
 #0: stdout all=warning uptime,level,tags
 #1: stderr all=off uptime,level,tags

Environment Variables:
JAVA_HOME=C:\Program Files\Java\jdk1.8.0_351
PATH=C:/Users/Manic-063/Desktop/Fullstack Day 1/eclipse_2020//plugins/org.eclipse.justj.openjdk.hotspot.jre.full.win32.x86_64_15.0.1.v20201027-0507/jre/bin/server;C:/Users/Manic-063/Desktop/Fullstack Day 1/eclipse_2020//plugins/org.eclipse.justj.openjdk.hotspot.jre.full.win32.x86_64_15.0.1.v20201027-0507/jre/bin;C:\Program Files (x86)\Common Files\Oracle\Java\javapath;C:\Program Files (x86)\Common Files\Intel\Shared Libraries\redist\intel64\compiler;C:\Windows\system32;C:\Windows;C:\Windows\System32\Wbem;C:\Windows\System32\WindowsPowerShell\v1.0\;C:\Windows\System32\OpenSSH\;C:\Program Files\Common Files\Autodesk Shared\;C:\Program Files (x86)\Autodesk\Backburner\;C:\Program Files\Microsoft SQL Server\120\Tools\Binn\;C:\Program Files\Java\jdk1.8.0_351\bin;C:\Users\Manic-063\AppData\Local\Microsoft\WindowsApps;C:\Program Files\Bandizip\;C:\Users\Manic-063\Desktop\Fullstack Day 1\eclipse_2020;
USERNAME=nbcp-001g
OS=Windows_NT
PROCESSOR_IDENTIFIER=Intel64 Family 6 Model 42 Stepping 7, GenuineIntel



---------------  S Y S T E M  ---------------

OS:
 Windows 10 , 64 bit Build 19041 (10.0.19041.2364)
OS uptime: 0 days 3:03 hours

CPU: total 4 (initial active 4) (4 cores per cpu, 1 threads per core) family 6 model 42 stepping 7 microcode 0x2f, cmov, cx8, fxsr, mmx, sse, sse2, sse3, ssse3, sse4.1, sse4.2, popcnt, vzeroupper, avx, aes, clmul, tsc, tscinvbit, clflush

Memory: 4k page, system-wide physical 8174M (3113M free)
TotalPageFile size 8174M (AvailPageFile size 95M)
current process WorkingSet (physical memory assigned to process): 10M, peak: 10M
current process commit charge ("private bytes"): 51M, peak: 179M

vm_info: OpenJDK 64-Bit Server VM (15.0.1+9-18) for windows-amd64 JRE (15.0.1+9-18), built on Sep 15 2020 14:39:31 by "mach5one" with unknown MS VC++:1925

END.
