ㄴㅇㄹ
ㄴㅇㄹ
ㅁㄴㅇㄹ
ㄴㅁㅇㄹ
ㅁㄴㅇ
dfsd
sdf
fds
fds
fs
f
fs
d
dsffds
sdf
dsf
dfs
sdf
dsf



















dfs





















































































































































































































































































































































dsf
dsf
dsf
